d:\wsldirectory\assembly\cosc2406t20f\debug\assignmentten.exe
d:\wsldirectory\assembly\cosc2406t20f\debug\assignmentten.ilk
d:\wsldirectory\assembly\cosc2406t20f\debug\assignmentten.pdb
d:\wsldirectory\assembly\cosc2406t20f\assignmentten\debug\question2.obj
d:\wsldirectory\assembly\cosc2406t20f\assignmentten\debug\2darray.obj
d:\wsldirectory\assembly\cosc2406t20f\assignmentten\debug\substring.obj
d:\wsldirectory\assembly\cosc2406t20f\assignmentten\debug\assignmentten.tlog\link-cvtres.read.1.tlog
d:\wsldirectory\assembly\cosc2406t20f\assignmentten\debug\assignmentten.tlog\link-cvtres.write.1.tlog
d:\wsldirectory\assembly\cosc2406t20f\assignmentten\debug\assignmentten.tlog\link-rc.read.1.tlog
d:\wsldirectory\assembly\cosc2406t20f\assignmentten\debug\assignmentten.tlog\link-rc.write.1.tlog
d:\wsldirectory\assembly\cosc2406t20f\assignmentten\debug\assignmentten.tlog\link.5400-cvtres.read.1.tlog
d:\wsldirectory\assembly\cosc2406t20f\assignmentten\debug\assignmentten.tlog\link.5400-cvtres.write.1.tlog
d:\wsldirectory\assembly\cosc2406t20f\assignmentten\debug\assignmentten.tlog\link.5400-rc.read.1.tlog
d:\wsldirectory\assembly\cosc2406t20f\assignmentten\debug\assignmentten.tlog\link.5400-rc.write.1.tlog
d:\wsldirectory\assembly\cosc2406t20f\assignmentten\debug\assignmentten.tlog\link.5400.read.1.tlog
d:\wsldirectory\assembly\cosc2406t20f\assignmentten\debug\assignmentten.tlog\link.5400.write.1.tlog
d:\wsldirectory\assembly\cosc2406t20f\assignmentten\debug\assignmentten.tlog\link.command.1.tlog
d:\wsldirectory\assembly\cosc2406t20f\assignmentten\debug\assignmentten.tlog\link.read.1.tlog
d:\wsldirectory\assembly\cosc2406t20f\assignmentten\debug\assignmentten.tlog\link.write.1.tlog
d:\wsldirectory\assembly\cosc2406t20f\assignmentten\debug\assignmentten.tlog\masm.read.1u.tlog
d:\wsldirectory\assembly\cosc2406t20f\assignmentten\debug\assignmentten.tlog\masm.write.1u.tlog
